<?xml version="1.0" ?>
<!DOCTYPE coverage SYSTEM "http://cobertura.sourceforge.net/xml/coverage-04.dtd">
<coverage lines-valid="4"  lines-covered="4"  line-rate="1"  branches-valid="0"  branches-covered="0"  branch-rate="1"  timestamp="1504728271627" complexity="0" version="0.1">
<sources>
    <source>/Users/jschweik/ws/Bluemix.SampleService</source>
</sources>
<packages>
    <package name="lib"  line-rate="1"  branch-rate="1" >
    <classes>
        <class name="echo.js"  filename="lib/echo.js"  line-rate="1"  branch-rate="1" >
        <methods>
            <method name="(anonymous_1)"  hits="1"  signature="()V" >
                <lines><line number="1"  hits="1" /></lines>
            </method>
            <method name="(anonymous_2)"  hits="1"  signature="()V" >
                <lines><line number="5"  hits="1" /></lines>
            </method>
        </methods>
        <lines>
            <line number="1"  hits="1"  branch="false" />
            <line number="2"  hits="1"  branch="false" />
            <line number="5"  hits="1"  branch="false" />
            <line number="6"  hits="1"  branch="false" />
        </lines>
        </class>
    </classes>
    </package>
</packages>
</coverage>
